

Microchip MPLAB XC8 Assembler V2.10 build 88905656 
                                                                                               Wed Apr 29 12:45:54 2020

Microchip MPLAB XC8 C Compiler v2.10 (Free license) build 20190730164152 Og1 
     1                           	processor	16F877A
     2                           	opt	pw 120
     3                           	opt	flic
     4                           	psect	idataBANK0,global,class=CODE,delta=2
     5                           	psect	cinit,global,class=CODE,merge=1,delta=2
     6                           	psect	bssBANK0,global,class=BANK0,space=1,delta=1
     7                           	psect	dataBANK0,global,class=BANK0,space=1,delta=1
     8                           	psect	inittext,global,class=CODE,delta=2
     9                           	psect	cstackCOMMON,global,class=COMMON,space=1,delta=1
    10                           	psect	cstackBANK0,global,class=BANK0,space=1,delta=1
    11                           	psect	maintext,global,class=CODE,split=1,delta=2
    12                           	psect	text1,local,class=CODE,merge=1,delta=2
    13                           	psect	text2,local,class=CODE,merge=1,delta=2
    14                           	psect	text3,local,class=CODE,merge=1,delta=2
    15                           	psect	text4,local,class=CODE,merge=1,delta=2
    16                           	psect	text5,local,class=CODE,merge=1,delta=2
    17                           	psect	text6,local,class=CODE,merge=1,delta=2
    18                           	psect	text7,local,class=CODE,merge=1,delta=2
    19                           	psect	text8,local,class=CODE,merge=1,delta=2
    20                           	psect	text9,local,class=CODE,merge=1,delta=2
    21                           	dabs	1,0x7E,2
    22  0000                     
    23                           ; Version 2.10
    24                           ; Generated 31/07/2019 GMT
    25                           ; 
    26                           ; Copyright © 2019, Microchip Technology Inc. and its subsidiaries ("Microchip")
    27                           ; All rights reserved.
    28                           ; 
    29                           ; This software is developed by Microchip Technology Inc. and its subsidiaries ("Microch
      +                          ip").
    30                           ; 
    31                           ; Redistribution and use in source and binary forms, with or without modification, are
    32                           ; permitted provided that the following conditions are met:
    33                           ; 
    34                           ;     1. Redistributions of source code must retain the above copyright notice, this lis
      +                          t of
    35                           ;        conditions and the following disclaimer.
    36                           ; 
    37                           ;     2. Redistributions in binary form must reproduce the above copyright notice, this 
      +                          list
    38                           ;        of conditions and the following disclaimer in the documentation and/or other
    39                           ;        materials provided with the distribution.
    40                           ; 
    41                           ;     3. Microchip's name may not be used to endorse or promote products derived from th
      +                          is
    42                           ;        software without specific prior written permission.
    43                           ; 
    44                           ; THIS SOFTWARE IS PROVIDED BY MICROCHIP "AS IS" AND ANY EXPRESS OR IMPLIED WARRANTIES,
    45                           ; INCLUDING, BUT NOT LIMITED TO, THE IMPLIED WARRANTIES OF MERCHANTABILITY AND FITNESS F
      +                          OR
    46                           ; PURPOSE ARE DISCLAIMED.  IN NO EVENT SHALL MICROCHIP BE LIABLE FOR ANY DIRECT, INDIREC
      +                          T,
    47                           ; INCIDENTAL, SPECIAL, EXEMPLARY, OR CONSEQUENTIAL DAMAGES (INCLUDING BUT NOT LIMITED TO
    48                           ; PROCUREMENT OF SUBSTITUTE GOODS OR SERVICES; LOSS OF USE, DATA OR PROFITS; OR BUSINESS
    49                           ; INTERRUPTION) HOWSOEVER CAUSED AND ON ANY THEORY OF LIABILITY, WHETHER IN CONTRACT, ST
      +                          RICT
    50                           ; LIABILITY, OR TORT (INCLUDING NEGLIGENCE OR OTHERWISE) ARISING IN ANY WAY OUT OF THE U
      +                          SE OF
    51                           ; THIS SOFTWARE, EVEN IF ADVISED OF THE POSSIBILITY OF SUCH DAMAGE.
    52                           ; 
    53                           ; 
    54                           ; Code-generator required, PIC16F877A Definitions
    55                           ; 
    56                           ; SFR Addresses
    57  0000                     	;# 
    58  0001                     	;# 
    59  0002                     	;# 
    60  0003                     	;# 
    61  0004                     	;# 
    62  0005                     	;# 
    63  0006                     	;# 
    64  0007                     	;# 
    65  0008                     	;# 
    66  0009                     	;# 
    67  000A                     	;# 
    68  000B                     	;# 
    69  000C                     	;# 
    70  000D                     	;# 
    71  000E                     	;# 
    72  000E                     	;# 
    73  000F                     	;# 
    74  0010                     	;# 
    75  0011                     	;# 
    76  0012                     	;# 
    77  0013                     	;# 
    78  0014                     	;# 
    79  0015                     	;# 
    80  0015                     	;# 
    81  0016                     	;# 
    82  0017                     	;# 
    83  0018                     	;# 
    84  0019                     	;# 
    85  001A                     	;# 
    86  001B                     	;# 
    87  001B                     	;# 
    88  001C                     	;# 
    89  001D                     	;# 
    90  001E                     	;# 
    91  001F                     	;# 
    92  0081                     	;# 
    93  0085                     	;# 
    94  0086                     	;# 
    95  0087                     	;# 
    96  0088                     	;# 
    97  0089                     	;# 
    98  008C                     	;# 
    99  008D                     	;# 
   100  008E                     	;# 
   101  0091                     	;# 
   102  0092                     	;# 
   103  0093                     	;# 
   104  0094                     	;# 
   105  0098                     	;# 
   106  0099                     	;# 
   107  009C                     	;# 
   108  009D                     	;# 
   109  009E                     	;# 
   110  009F                     	;# 
   111  010C                     	;# 
   112  010D                     	;# 
   113  010E                     	;# 
   114  010F                     	;# 
   115  018C                     	;# 
   116  018D                     	;# 
   117  0000                     	;# 
   118  0001                     	;# 
   119  0002                     	;# 
   120  0003                     	;# 
   121  0004                     	;# 
   122  0005                     	;# 
   123  0006                     	;# 
   124  0007                     	;# 
   125  0008                     	;# 
   126  0009                     	;# 
   127  000A                     	;# 
   128  000B                     	;# 
   129  000C                     	;# 
   130  000D                     	;# 
   131  000E                     	;# 
   132  000E                     	;# 
   133  000F                     	;# 
   134  0010                     	;# 
   135  0011                     	;# 
   136  0012                     	;# 
   137  0013                     	;# 
   138  0014                     	;# 
   139  0015                     	;# 
   140  0015                     	;# 
   141  0016                     	;# 
   142  0017                     	;# 
   143  0018                     	;# 
   144  0019                     	;# 
   145  001A                     	;# 
   146  001B                     	;# 
   147  001B                     	;# 
   148  001C                     	;# 
   149  001D                     	;# 
   150  001E                     	;# 
   151  001F                     	;# 
   152  0081                     	;# 
   153  0085                     	;# 
   154  0086                     	;# 
   155  0087                     	;# 
   156  0088                     	;# 
   157  0089                     	;# 
   158  008C                     	;# 
   159  008D                     	;# 
   160  008E                     	;# 
   161  0091                     	;# 
   162  0092                     	;# 
   163  0093                     	;# 
   164  0094                     	;# 
   165  0098                     	;# 
   166  0099                     	;# 
   167  009C                     	;# 
   168  009D                     	;# 
   169  009E                     	;# 
   170  009F                     	;# 
   171  010C                     	;# 
   172  010D                     	;# 
   173  010E                     	;# 
   174  010F                     	;# 
   175  018C                     	;# 
   176  018D                     	;# 
   177  0000                     	;# 
   178  0001                     	;# 
   179  0002                     	;# 
   180  0003                     	;# 
   181  0004                     	;# 
   182  0005                     	;# 
   183  0006                     	;# 
   184  0007                     	;# 
   185  0008                     	;# 
   186  0009                     	;# 
   187  000A                     	;# 
   188  000B                     	;# 
   189  000C                     	;# 
   190  000D                     	;# 
   191  000E                     	;# 
   192  000E                     	;# 
   193  000F                     	;# 
   194  0010                     	;# 
   195  0011                     	;# 
   196  0012                     	;# 
   197  0013                     	;# 
   198  0014                     	;# 
   199  0015                     	;# 
   200  0015                     	;# 
   201  0016                     	;# 
   202  0017                     	;# 
   203  0018                     	;# 
   204  0019                     	;# 
   205  001A                     	;# 
   206  001B                     	;# 
   207  001B                     	;# 
   208  001C                     	;# 
   209  001D                     	;# 
   210  001E                     	;# 
   211  001F                     	;# 
   212  0081                     	;# 
   213  0085                     	;# 
   214  0086                     	;# 
   215  0087                     	;# 
   216  0088                     	;# 
   217  0089                     	;# 
   218  008C                     	;# 
   219  008D                     	;# 
   220  008E                     	;# 
   221  0091                     	;# 
   222  0092                     	;# 
   223  0093                     	;# 
   224  0094                     	;# 
   225  0098                     	;# 
   226  0099                     	;# 
   227  009C                     	;# 
   228  009D                     	;# 
   229  009E                     	;# 
   230  009F                     	;# 
   231  010C                     	;# 
   232  010D                     	;# 
   233  010E                     	;# 
   234  010F                     	;# 
   235  018C                     	;# 
   236  018D                     	;# 
   237  0000                     	;# 
   238  0001                     	;# 
   239  0002                     	;# 
   240  0003                     	;# 
   241  0004                     	;# 
   242  0005                     	;# 
   243  0006                     	;# 
   244  0007                     	;# 
   245  0008                     	;# 
   246  0009                     	;# 
   247  000A                     	;# 
   248  000B                     	;# 
   249  000C                     	;# 
   250  000D                     	;# 
   251  000E                     	;# 
   252  000E                     	;# 
   253  000F                     	;# 
   254  0010                     	;# 
   255  0011                     	;# 
   256  0012                     	;# 
   257  0013                     	;# 
   258  0014                     	;# 
   259  0015                     	;# 
   260  0015                     	;# 
   261  0016                     	;# 
   262  0017                     	;# 
   263  0018                     	;# 
   264  0019                     	;# 
   265  001A                     	;# 
   266  001B                     	;# 
   267  001B                     	;# 
   268  001C                     	;# 
   269  001D                     	;# 
   270  001E                     	;# 
   271  001F                     	;# 
   272  0081                     	;# 
   273  0085                     	;# 
   274  0086                     	;# 
   275  0087                     	;# 
   276  0088                     	;# 
   277  0089                     	;# 
   278  008C                     	;# 
   279  008D                     	;# 
   280  008E                     	;# 
   281  0091                     	;# 
   282  0092                     	;# 
   283  0093                     	;# 
   284  0094                     	;# 
   285  0098                     	;# 
   286  0099                     	;# 
   287  009C                     	;# 
   288  009D                     	;# 
   289  009E                     	;# 
   290  009F                     	;# 
   291  010C                     	;# 
   292  010D                     	;# 
   293  010E                     	;# 
   294  010F                     	;# 
   295  018C                     	;# 
   296  018D                     	;# 
   297  0000                     	;# 
   298  0001                     	;# 
   299  0002                     	;# 
   300  0003                     	;# 
   301  0004                     	;# 
   302  0005                     	;# 
   303  0006                     	;# 
   304  0007                     	;# 
   305  0008                     	;# 
   306  0009                     	;# 
   307  000A                     	;# 
   308  000B                     	;# 
   309  000C                     	;# 
   310  000D                     	;# 
   311  000E                     	;# 
   312  000E                     	;# 
   313  000F                     	;# 
   314  0010                     	;# 
   315  0011                     	;# 
   316  0012                     	;# 
   317  0013                     	;# 
   318  0014                     	;# 
   319  0015                     	;# 
   320  0015                     	;# 
   321  0016                     	;# 
   322  0017                     	;# 
   323  0018                     	;# 
   324  0019                     	;# 
   325  001A                     	;# 
   326  001B                     	;# 
   327  001B                     	;# 
   328  001C                     	;# 
   329  001D                     	;# 
   330  001E                     	;# 
   331  001F                     	;# 
   332  0081                     	;# 
   333  0085                     	;# 
   334  0086                     	;# 
   335  0087                     	;# 
   336  0088                     	;# 
   337  0089                     	;# 
   338  008C                     	;# 
   339  008D                     	;# 
   340  008E                     	;# 
   341  0091                     	;# 
   342  0092                     	;# 
   343  0093                     	;# 
   344  0094                     	;# 
   345  0098                     	;# 
   346  0099                     	;# 
   347  009C                     	;# 
   348  009D                     	;# 
   349  009E                     	;# 
   350  009F                     	;# 
   351  010C                     	;# 
   352  010D                     	;# 
   353  010E                     	;# 
   354  010F                     	;# 
   355  018C                     	;# 
   356  018D                     	;# 
   357                           
   358                           	psect	idataBANK0
   359  0625                     __pidataBANK0:	
   360                           
   361                           ;initializer for _value
   362  0625  3401               	retlw	1
   363  0626  3400               	retlw	0
   364  0627  3400               	retlw	0
   365  0628  3401               	retlw	1
   366  0629  3400               	retlw	0
   367  062A  3401               	retlw	1
   368  062B  3401               	retlw	1
   369  062C  3400               	retlw	0
   370                           
   371                           ;initializer for _columna
   372  062D  3401               	retlw	1
   373  062E  3400               	retlw	0
   374                           
   375                           ;initializer for _value4
   376  062F  34FF               	retlw	255
   377  0630  34FF               	retlw	255
   378                           
   379                           ;initializer for _value3
   380  0631  34AA               	retlw	170
   381  0632  3496               	retlw	150
   382                           
   383                           ;initializer for _value2
   384  0633  3496               	retlw	150
   385  0008                     _PORTDbits	set	8
   386  0006                     _PORTBbits	set	6
   387  0088                     _TRISDbits	set	136
   388  0086                     _TRISBbits	set	134
   389                           
   390                           ; #config settings
   391  0000                     
   392                           	psect	cinit
   393  07EA                     start_initialization:	
   394  07EA                     __initialization:	
   395                           
   396                           ; Initialize objects allocated to BANK0
   397  07EA  1383               	bcf	3,7	;select IRP bank0
   398  07EB  302F               	movlw	low (__pdataBANK0+15)
   399  07EC  00FD               	movwf	btemp+-1
   400  07ED  3006               	movlw	high __pidataBANK0
   401  07EE  00FE               	movwf	btemp
   402  07EF  3025               	movlw	low __pidataBANK0
   403  07F0  00FF               	movwf	btemp+1
   404  07F1  3020               	movlw	low __pdataBANK0
   405  07F2  0084               	movwf	4
   406  07F3  120A  118A  2638  120A  118A  	fcall	init_ram0
   407                           
   408                           ; Clear objects allocated to BANK0
   409  07F8  01AF               	clrf	__pbssBANK0& (0+127)
   410  07F9  01B0               	clrf	(__pbssBANK0+1)& (0+127)
   411  07FA  01B1               	clrf	(__pbssBANK0+2)& (0+127)
   412  07FB  01B2               	clrf	(__pbssBANK0+3)& (0+127)
   413  07FC                     end_of_initialization:	
   414                           ;End of C runtime variable initialization code
   415                           
   416  07FC                     __end_of__initialization:	
   417  07FC  0183               	clrf	3
   418  07FD  120A  118A  2F02   	ljmp	_main	;jump to C main() function
   419                           
   420                           	psect	bssBANK0
   421  002F                     __pbssBANK0:	
   422  002F                     wait_ms@timel:	
   423  002F                     	ds	4
   424                           
   425                           	psect	dataBANK0
   426  0020                     __pdataBANK0:	
   427  0020                     _value:	
   428  0020                     	ds	8
   429  0028                     _columna:	
   430  0028                     	ds	2
   431  002A                     _value4:	
   432  002A                     	ds	2
   433  002C                     _value3:	
   434  002C                     	ds	2
   435  002E                     _value2:	
   436  002E                     	ds	1
   437                           
   438                           	psect	inittext
   439  0634                     init_fetch0:	
   440                           ;	Called with low address in FSR and high address in W
   441                           
   442  0634  087E               	movf	btemp,w
   443  0635  008A               	movwf	10
   444  0636  087F               	movf	btemp+1,w
   445  0637  0082               	movwf	2
   446  0638                     init_ram0:	
   447                           ;Called with:
   448                           ;	high address of idata address in btemp 
   449                           ;	low address of idata address in btemp+1 
   450                           ;	low address of data in FSR
   451                           ;	high address + 1 of data in btemp-1
   452                           
   453  0638  120A  118A  2634  120A  118A  	fcall	init_fetch0
   454  063D  0080               	movwf	0
   455  063E  0A84               	incf	4,f
   456  063F  0804               	movf	4,w
   457  0640  067D               	xorwf	btemp+-1,w
   458  0641  1903               	btfsc	3,2
   459  0642  3400               	retlw	0
   460  0643  0AFF               	incf	btemp+1,f
   461  0644  1903               	btfsc	3,2
   462  0645  0AFE               	incf	btemp,f
   463  0646  2E38               	goto	init_ram0
   464                           
   465                           	psect	cstackCOMMON
   466  0070                     __pcstackCOMMON:	
   467  0070                     ?_setColumnas:	
   468  0070                     ??_setColumnas:	
   469                           ; 1 bytes @ 0x0
   470                           
   471  0070                     ?_setFilas:	
   472                           ; 1 bytes @ 0x0
   473                           
   474  0070                     ?_shiftBitColumna:	
   475                           ; 1 bytes @ 0x0
   476                           
   477  0070                     ??_shiftBitColumna:	
   478                           ; 1 bytes @ 0x0
   479                           
   480  0070                     ?_init_pines:	
   481                           ; 1 bytes @ 0x0
   482                           
   483  0070                     ??_init_pines:	
   484                           ; 1 bytes @ 0x0
   485                           
   486  0070                     ?_latchClock_Col:	
   487                           ; 1 bytes @ 0x0
   488                           
   489  0070                     ??_latchClock_Col:	
   490                           ; 1 bytes @ 0x0
   491                           
   492  0070                     ?_shiftClock_Col:	
   493                           ; 1 bytes @ 0x0
   494                           
   495  0070                     ??_shiftClock_Col:	
   496                           ; 1 bytes @ 0x0
   497                           
   498  0070                     ?_enableFilas:	
   499                           ; 1 bytes @ 0x0
   500                           
   501  0070                     ??_enableFilas:	
   502                           ; 1 bytes @ 0x0
   503                           
   504  0070                     ?_latchClock_Fil:	
   505                           ; 1 bytes @ 0x0
   506                           
   507  0070                     ??_latchClock_Fil:	
   508                           ; 1 bytes @ 0x0
   509                           
   510  0070                     ?_shiftClock_Fil:	
   511                           ; 1 bytes @ 0x0
   512                           
   513  0070                     ??_shiftClock_Fil:	
   514                           ; 1 bytes @ 0x0
   515                           
   516  0070                     setFilas@reg_value:	
   517                           ; 1 bytes @ 0x0
   518                           
   519                           
   520                           ; 2 bytes @ 0x0
   521  0070                     	ds	1
   522  0071                     shiftBitColumna@bit:	
   523                           
   524                           ; 1 bytes @ 0x1
   525  0071                     	ds	1
   526  0072                     ??_setFilas:	
   527                           
   528                           ; 1 bytes @ 0x2
   529  0072                     	ds	2
   530  0074                     setColumnas@valor:	
   531                           
   532                           ; 1 bytes @ 0x4
   533  0074                     	ds	1
   534  0075                     setColumnas@reg_value:	
   535                           
   536                           ; 1 bytes @ 0x5
   537  0075                     	ds	1
   538  0076                     setColumnas@i:	
   539                           
   540                           ; 2 bytes @ 0x6
   541  0076                     	ds	4
   542  007A                     setFilas@i:	
   543                           
   544                           ; 2 bytes @ 0xA
   545  007A                     	ds	2
   546  007C                     ??_main:	
   547                           
   548                           	psect	cstackBANK0
   549  0033                     __pcstackBANK0:	
   550                           ; 1 bytes @ 0xC
   551                           
   552  0033                     ?_main:	
   553  0033                     main@argc:	
   554                           ; 2 bytes @ 0x0
   555                           
   556                           
   557                           ; 2 bytes @ 0x0
   558  0033                     	ds	2
   559  0035                     main@argv:	
   560                           
   561                           ; 2 bytes @ 0x2
   562  0035                     	ds	2
   563                           
   564                           	psect	maintext
   565  0702                     __pmaintext:	
   566 ;;
   567 ;;Main: autosize = 0, tempsize = 0, incstack = 0, save=0
   568 ;;
   569 ;; *************** function _main *****************
   570 ;; Defined at:
   571 ;;		line 43 in file "mainsource.c"
   572 ;; Parameters:    Size  Location     Type
   573 ;;  argc            2    0[BANK0 ] int 
   574 ;;  argv            2    2[BANK0 ] PTR PTR unsigned char 
   575 ;; Auto vars:     Size  Location     Type
   576 ;;  i               2    0        int 
   577 ;; Return value:  Size  Location     Type
   578 ;;                  2    0[BANK0 ] int 
   579 ;; Registers used:
   580 ;;		wreg, fsr0l, fsr0h, status,2, status,0, btemp+1, pclath, cstack
   581 ;; Tracked objects:
   582 ;;		On entry : B00/0
   583 ;;		On exit  : 0/0
   584 ;;		Unchanged: 0/0
   585 ;; Data sizes:     COMMON   BANK0   BANK1   BANK3   BANK2
   586 ;;      Params:         0       4       0       0       0
   587 ;;      Locals:         2       0       0       0       0
   588 ;;      Temps:          0       0       0       0       0
   589 ;;      Totals:         2       4       0       0       0
   590 ;;Total ram usage:        6 bytes
   591 ;; Hardware stack levels required when called:    2
   592 ;; This function calls:
   593 ;;		_init_pines
   594 ;;		_setColumnas
   595 ;;		_setFilas
   596 ;;		_shiftBitColumna
   597 ;; This function is called by:
   598 ;;		Startup code after reset
   599 ;; This function uses a non-reentrant model
   600 ;;
   601                           
   602                           
   603                           ;psect for function _main
   604  0702                     _main:	
   605  0702                     l906:	
   606                           ;incstack = 0
   607                           ; Regs used in _main: [wreg-fsr0h+status,2+status,0+btemp+1+pclath+cstack]
   608                           
   609                           
   610                           ;mainsource.c: 44:     init_pines();
   611  0702  120A  118A  2647  120A  118A  	fcall	_init_pines
   612  0707                     l908:	
   613  0707                     l910:	
   614                           
   615                           ;mainsource.c: 53:     setColumnas(0x00);
   616  0707  3000               	movlw	0
   617  0708  120A  118A  267A  120A  118A  	fcall	_setColumnas
   618  070D                     l912:	
   619                           
   620                           ;mainsource.c: 55:     setFilas(0x0000);
   621  070D  3000               	movlw	0
   622  070E  00F0               	movwf	setFilas@reg_value
   623  070F  00F1               	movwf	setFilas@reg_value+1
   624  0710  120A  118A  26B9  120A  118A  	fcall	_setFilas
   625  0715                     l914:	
   626  0715                     l916:	
   627                           
   628                           ;mainsource.c: 57:     PORTBbits.RB0 = 1;
   629  0715  1283               	bcf	3,5	;RP0=0, select bank0
   630  0716  1303               	bcf	3,6	;RP1=0, select bank0
   631  0717  1406               	bsf	6,0	;volatile
   632  0718  2FC8               	goto	l968
   633  0719                     l918:	
   634                           
   635                           ;mainsource.c: 68:                 setFilas(0xffcf);
   636  0719  30CF               	movlw	207
   637  071A  00F0               	movwf	setFilas@reg_value
   638  071B  30FF               	movlw	255
   639  071C  00F1               	movwf	setFilas@reg_value+1
   640  071D  120A  118A  26B9  120A  118A  	fcall	_setFilas
   641  0722                     l920:	
   642                           
   643                           ;mainsource.c: 69:                 shiftBitColumna(1);
   644  0722  3001               	movlw	1
   645  0723  120A  118A  265E  120A  118A  	fcall	_shiftBitColumna
   646  0728                     l922:	
   647                           
   648                           ;mainsource.c: 70:                 columna=2;
   649  0728  3002               	movlw	2
   650  0729  1283               	bcf	3,5	;RP0=0, select bank0
   651  072A  1303               	bcf	3,6	;RP1=0, select bank0
   652  072B  00A8               	movwf	_columna
   653  072C  3000               	movlw	0
   654  072D  00A9               	movwf	_columna+1
   655                           
   656                           ;mainsource.c: 72:                 break;
   657  072E  2FC8               	goto	l968
   658  072F                     l924:	
   659                           
   660                           ;mainsource.c: 76:                 setFilas(0xffb7);
   661  072F  30B7               	movlw	183
   662  0730  00F0               	movwf	setFilas@reg_value
   663  0731  30FF               	movlw	255
   664  0732  00F1               	movwf	setFilas@reg_value+1
   665  0733  120A  118A  26B9  120A  118A  	fcall	_setFilas
   666  0738                     l926:	
   667                           
   668                           ;mainsource.c: 77:                 shiftBitColumna(0);
   669  0738  3000               	movlw	0
   670  0739  120A  118A  265E  120A  118A  	fcall	_shiftBitColumna
   671  073E                     l928:	
   672                           
   673                           ;mainsource.c: 78:                 columna=3;
   674  073E  3003               	movlw	3
   675  073F  1283               	bcf	3,5	;RP0=0, select bank0
   676  0740  1303               	bcf	3,6	;RP1=0, select bank0
   677  0741  00A8               	movwf	_columna
   678  0742  3000               	movlw	0
   679  0743  00A9               	movwf	_columna+1
   680                           
   681                           ;mainsource.c: 79:                 break;
   682  0744  2FC8               	goto	l968
   683  0745                     l930:	
   684                           
   685                           ;mainsource.c: 83:                 setFilas(0xffbb);
   686  0745  30BB               	movlw	187
   687  0746  00F0               	movwf	setFilas@reg_value
   688  0747  30FF               	movlw	255
   689  0748  00F1               	movwf	setFilas@reg_value+1
   690  0749  120A  118A  26B9  120A  118A  	fcall	_setFilas
   691  074E                     l932:	
   692                           
   693                           ;mainsource.c: 84:                 shiftBitColumna(0);
   694  074E  3000               	movlw	0
   695  074F  120A  118A  265E  120A  118A  	fcall	_shiftBitColumna
   696  0754                     l934:	
   697                           
   698                           ;mainsource.c: 85:                 columna=4;
   699  0754  3004               	movlw	4
   700  0755  1283               	bcf	3,5	;RP0=0, select bank0
   701  0756  1303               	bcf	3,6	;RP1=0, select bank0
   702  0757  00A8               	movwf	_columna
   703  0758  3000               	movlw	0
   704  0759  00A9               	movwf	_columna+1
   705                           
   706                           ;mainsource.c: 86:                 break;
   707  075A  2FC8               	goto	l968
   708  075B                     l936:	
   709                           
   710                           ;mainsource.c: 89:                 setFilas(0xffdd);
   711  075B  30DD               	movlw	221
   712  075C  00F0               	movwf	setFilas@reg_value
   713  075D  30FF               	movlw	255
   714  075E  00F1               	movwf	setFilas@reg_value+1
   715  075F  120A  118A  26B9  120A  118A  	fcall	_setFilas
   716  0764                     l938:	
   717                           
   718                           ;mainsource.c: 90:                 shiftBitColumna(0);
   719  0764  3000               	movlw	0
   720  0765  120A  118A  265E  120A  118A  	fcall	_shiftBitColumna
   721  076A                     l940:	
   722                           
   723                           ;mainsource.c: 91:                 columna=5;
   724  076A  3005               	movlw	5
   725  076B  1283               	bcf	3,5	;RP0=0, select bank0
   726  076C  1303               	bcf	3,6	;RP1=0, select bank0
   727  076D  00A8               	movwf	_columna
   728  076E  3000               	movlw	0
   729  076F  00A9               	movwf	_columna+1
   730                           
   731                           ;mainsource.c: 92:                 break;
   732  0770  2FC8               	goto	l968
   733  0771                     l942:	
   734                           
   735                           ;mainsource.c: 96:                 setFilas(0xffbb);
   736  0771  30BB               	movlw	187
   737  0772  00F0               	movwf	setFilas@reg_value
   738  0773  30FF               	movlw	255
   739  0774  00F1               	movwf	setFilas@reg_value+1
   740  0775  120A  118A  26B9  120A  118A  	fcall	_setFilas
   741  077A                     l944:	
   742                           
   743                           ;mainsource.c: 97:                 shiftBitColumna(0);
   744  077A  3000               	movlw	0
   745  077B  120A  118A  265E  120A  118A  	fcall	_shiftBitColumna
   746  0780                     l946:	
   747                           
   748                           ;mainsource.c: 98:                 columna=6;
   749  0780  3006               	movlw	6
   750  0781  1283               	bcf	3,5	;RP0=0, select bank0
   751  0782  1303               	bcf	3,6	;RP1=0, select bank0
   752  0783  00A8               	movwf	_columna
   753  0784  3000               	movlw	0
   754  0785  00A9               	movwf	_columna+1
   755                           
   756                           ;mainsource.c: 99:                 break;
   757  0786  2FC8               	goto	l968
   758  0787                     l948:	
   759                           
   760                           ;mainsource.c: 103:                 setFilas(0xffb7);
   761  0787  30B7               	movlw	183
   762  0788  00F0               	movwf	setFilas@reg_value
   763  0789  30FF               	movlw	255
   764  078A  00F1               	movwf	setFilas@reg_value+1
   765  078B  120A  118A  26B9  120A  118A  	fcall	_setFilas
   766  0790                     l950:	
   767                           
   768                           ;mainsource.c: 104:                 shiftBitColumna(0);
   769  0790  3000               	movlw	0
   770  0791  120A  118A  265E  120A  118A  	fcall	_shiftBitColumna
   771  0796                     l952:	
   772                           
   773                           ;mainsource.c: 105:                 columna=7;
   774  0796  3007               	movlw	7
   775  0797  1283               	bcf	3,5	;RP0=0, select bank0
   776  0798  1303               	bcf	3,6	;RP1=0, select bank0
   777  0799  00A8               	movwf	_columna
   778  079A  3000               	movlw	0
   779  079B  00A9               	movwf	_columna+1
   780                           
   781                           ;mainsource.c: 106:                 break;
   782  079C  2FC8               	goto	l968
   783  079D                     l954:	
   784                           
   785                           ;mainsource.c: 110:                 setFilas(0xffcf);
   786  079D  30CF               	movlw	207
   787  079E  00F0               	movwf	setFilas@reg_value
   788  079F  30FF               	movlw	255
   789  07A0  00F1               	movwf	setFilas@reg_value+1
   790  07A1  120A  118A  26B9  120A  118A  	fcall	_setFilas
   791  07A6                     l956:	
   792                           
   793                           ;mainsource.c: 111:                 shiftBitColumna(0);
   794  07A6  3000               	movlw	0
   795  07A7  120A  118A  265E  120A  118A  	fcall	_shiftBitColumna
   796  07AC                     l958:	
   797                           
   798                           ;mainsource.c: 112:                 columna=8;
   799  07AC  3008               	movlw	8
   800  07AD  1283               	bcf	3,5	;RP0=0, select bank0
   801  07AE  1303               	bcf	3,6	;RP1=0, select bank0
   802  07AF  00A8               	movwf	_columna
   803  07B0  3000               	movlw	0
   804  07B1  00A9               	movwf	_columna+1
   805                           
   806                           ;mainsource.c: 113:                 break;
   807  07B2  2FC8               	goto	l968
   808  07B3                     l960:	
   809                           
   810                           ;mainsource.c: 116:                 setFilas(0xffff);
   811  07B3  30FF               	movlw	255
   812  07B4  00F0               	movwf	setFilas@reg_value
   813  07B5  30FF               	movlw	255
   814  07B6  00F1               	movwf	setFilas@reg_value+1
   815  07B7  120A  118A  26B9  120A  118A  	fcall	_setFilas
   816  07BC                     l962:	
   817                           
   818                           ;mainsource.c: 117:                 shiftBitColumna(0);
   819  07BC  3000               	movlw	0
   820  07BD  120A  118A  265E  120A  118A  	fcall	_shiftBitColumna
   821  07C2                     l964:	
   822                           
   823                           ;mainsource.c: 118:                 columna=1;
   824  07C2  3001               	movlw	1
   825  07C3  1283               	bcf	3,5	;RP0=0, select bank0
   826  07C4  1303               	bcf	3,6	;RP1=0, select bank0
   827  07C5  00A8               	movwf	_columna
   828  07C6  3000               	movlw	0
   829  07C7  00A9               	movwf	_columna+1
   830  07C8                     l968:	
   831                           ;mainsource.c: 119:                 break;
   832                           
   833                           
   834                           ; Switch on 2 bytes has been partitioned into a top level switch of size 1, and 1 sub-sw
      +                          itches
   835                           ; Switch size 1, requested type "simple"
   836                           ; Number of cases is 1, Range of values is 0 to 0
   837                           ; switch strategies available:
   838                           ; Name         Instructions Cycles
   839                           ; simple_byte            4     3 (average)
   840                           ; direct_byte           11     8 (fixed)
   841                           ; jumptable            260     6 (fixed)
   842                           ;	Chosen strategy is simple_byte
   843  07C8  0829               	movf	_columna+1,w
   844  07C9  3A00               	xorlw	0	; case 0
   845  07CA  1903               	skipnz
   846  07CB  2FCD               	goto	l1012
   847  07CC  2FC8               	goto	l968
   848  07CD                     l1012:	
   849                           
   850                           ; Switch size 1, requested type "simple"
   851                           ; Number of cases is 8, Range of values is 1 to 8
   852                           ; switch strategies available:
   853                           ; Name         Instructions Cycles
   854                           ; simple_byte           25    13 (average)
   855                           ; direct_byte           35    11 (fixed)
   856                           ; jumptable            263     9 (fixed)
   857                           ;	Chosen strategy is simple_byte
   858  07CD  0828               	movf	_columna,w
   859  07CE  3A01               	xorlw	1	; case 1
   860  07CF  1903               	skipnz
   861  07D0  2F19               	goto	l918
   862  07D1  3A03               	xorlw	3	; case 2
   863  07D2  1903               	skipnz
   864  07D3  2F2F               	goto	l924
   865  07D4  3A01               	xorlw	1	; case 3
   866  07D5  1903               	skipnz
   867  07D6  2F45               	goto	l930
   868  07D7  3A07               	xorlw	7	; case 4
   869  07D8  1903               	skipnz
   870  07D9  2F5B               	goto	l936
   871  07DA  3A01               	xorlw	1	; case 5
   872  07DB  1903               	skipnz
   873  07DC  2F71               	goto	l942
   874  07DD  3A03               	xorlw	3	; case 6
   875  07DE  1903               	skipnz
   876  07DF  2F87               	goto	l948
   877  07E0  3A01               	xorlw	1	; case 7
   878  07E1  1903               	skipnz
   879  07E2  2F9D               	goto	l954
   880  07E3  3A0F               	xorlw	15	; case 8
   881  07E4  1903               	skipnz
   882  07E5  2FB3               	goto	l960
   883  07E6  2FC8               	goto	l968
   884  07E7  120A  118A  2800   	ljmp	start
   885  07EA                     __end_of_main:	
   886                           
   887                           	psect	text1
   888  065E                     __ptext1:	
   889 ;; *************** function _shiftBitColumna *****************
   890 ;; Defined at:
   891 ;;		line 82 in file "matriz_leds.c"
   892 ;; Parameters:    Size  Location     Type
   893 ;;  bit             1    wreg     unsigned char 
   894 ;; Auto vars:     Size  Location     Type
   895 ;;  bit             1    1[COMMON] unsigned char 
   896 ;; Return value:  Size  Location     Type
   897 ;;                  1    wreg      void 
   898 ;; Registers used:
   899 ;;		wreg, status,2, status,0, pclath, cstack
   900 ;; Tracked objects:
   901 ;;		On entry : 0/0
   902 ;;		On exit  : 0/0
   903 ;;		Unchanged: 0/0
   904 ;; Data sizes:     COMMON   BANK0   BANK1   BANK3   BANK2
   905 ;;      Params:         0       0       0       0       0
   906 ;;      Locals:         1       0       0       0       0
   907 ;;      Temps:          1       0       0       0       0
   908 ;;      Totals:         2       0       0       0       0
   909 ;;Total ram usage:        2 bytes
   910 ;; Hardware stack levels used:    1
   911 ;; Hardware stack levels required when called:    1
   912 ;; This function calls:
   913 ;;		_latchClock_Col
   914 ;;		_latchClock_Fil
   915 ;;		_shiftClock_Col
   916 ;; This function is called by:
   917 ;;		_main
   918 ;; This function uses a non-reentrant model
   919 ;;
   920                           
   921                           
   922                           ;psect for function _shiftBitColumna
   923  065E                     _shiftBitColumna:	
   924                           
   925                           ;incstack = 0
   926                           ; Regs used in _shiftBitColumna: [wreg+status,2+status,0+pclath+cstack]
   927                           ;shiftBitColumna@bit stored from wreg
   928  065E  00F1               	movwf	shiftBitColumna@bit
   929  065F                     l898:	
   930                           
   931                           ;matriz_leds.c: 83:     PORTBbits.RB1 = bit & 0x01;
   932  065F  0871               	movf	shiftBitColumna@bit,w
   933  0660  3901               	andlw	1
   934  0661  00F0               	movwf	??_shiftBitColumna
   935  0662  0DF0               	rlf	??_shiftBitColumna,f
   936  0663  1283               	bcf	3,5	;RP0=0, select bank0
   937  0664  1303               	bcf	3,6	;RP1=0, select bank0
   938  0665  0806               	movf	6,w	;volatile
   939  0666  0670               	xorwf	??_shiftBitColumna,w
   940  0667  39FD               	andlw	-3
   941  0668  0670               	xorwf	??_shiftBitColumna,w
   942  0669  0086               	movwf	6	;volatile
   943  066A                     l900:	
   944                           
   945                           ;matriz_leds.c: 84:     shiftClock_Col();
   946  066A  120A  118A  2613  120A  118A  	fcall	_shiftClock_Col
   947  066F                     l902:	
   948                           
   949                           ;matriz_leds.c: 85:     latchClock_Col();
   950  066F  120A  118A  260E  120A  118A  	fcall	_latchClock_Col
   951  0674                     l904:	
   952                           
   953                           ;matriz_leds.c: 86:     latchClock_Fil();
   954  0674  120A  118A  261F  120A  118A  	fcall	_latchClock_Fil
   955  0679                     l92:	
   956  0679  0008               	return
   957  067A                     __end_of_shiftBitColumna:	
   958                           
   959                           	psect	text2
   960  061F                     __ptext2:	
   961 ;; *************** function _latchClock_Fil *****************
   962 ;; Defined at:
   963 ;;		line 28 in file "matriz_leds.c"
   964 ;; Parameters:    Size  Location     Type
   965 ;;		None
   966 ;; Auto vars:     Size  Location     Type
   967 ;;		None
   968 ;; Return value:  Size  Location     Type
   969 ;;                  1    wreg      void 
   970 ;; Registers used:
   971 ;;		None
   972 ;; Tracked objects:
   973 ;;		On entry : 0/0
   974 ;;		On exit  : 0/0
   975 ;;		Unchanged: 0/0
   976 ;; Data sizes:     COMMON   BANK0   BANK1   BANK3   BANK2
   977 ;;      Params:         0       0       0       0       0
   978 ;;      Locals:         0       0       0       0       0
   979 ;;      Temps:          0       0       0       0       0
   980 ;;      Totals:         0       0       0       0       0
   981 ;;Total ram usage:        0 bytes
   982 ;; Hardware stack levels used:    1
   983 ;; This function calls:
   984 ;;		Nothing
   985 ;; This function is called by:
   986 ;;		_shiftBitColumna
   987 ;; This function uses a non-reentrant model
   988 ;;
   989                           
   990                           
   991                           ;psect for function _latchClock_Fil
   992  061F                     _latchClock_Fil:	
   993  061F                     l848:	
   994                           ;incstack = 0
   995                           ; Regs used in _latchClock_Fil: []
   996                           
   997                           
   998                           ;matriz_leds.c: 29:     PORTDbits.RD4 = 0;
   999  061F  1283               	bcf	3,5	;RP0=0, select bank0
  1000  0620  1303               	bcf	3,6	;RP1=0, select bank0
  1001  0621  1208               	bcf	8,4	;volatile
  1002                           
  1003                           ;matriz_leds.c: 31:     PORTDbits.RD4 = 1;
  1004  0622  1608               	bsf	8,4	;volatile
  1005                           
  1006                           ;matriz_leds.c: 33:     PORTDbits.RD4 = 0;
  1007  0623  1208               	bcf	8,4	;volatile
  1008  0624                     l76:	
  1009  0624  0008               	return
  1010  0625                     __end_of_latchClock_Fil:	
  1011                           
  1012                           	psect	text3
  1013  06B9                     __ptext3:	
  1014 ;; *************** function _setFilas *****************
  1015 ;; Defined at:
  1016 ;;		line 59 in file "matriz_leds.c"
  1017 ;; Parameters:    Size  Location     Type
  1018 ;;  reg_value       2    0[COMMON] unsigned int 
  1019 ;; Auto vars:     Size  Location     Type
  1020 ;;  i               2   10[COMMON] int 
  1021 ;;  valor           2    0        unsigned int 
  1022 ;; Return value:  Size  Location     Type
  1023 ;;                  1    wreg      void 
  1024 ;; Registers used:
  1025 ;;		wreg, status,2, status,0, btemp+1, pclath, cstack
  1026 ;; Tracked objects:
  1027 ;;		On entry : 0/0
  1028 ;;		On exit  : 0/0
  1029 ;;		Unchanged: 0/0
  1030 ;; Data sizes:     COMMON   BANK0   BANK1   BANK3   BANK2
  1031 ;;      Params:         2       0       0       0       0
  1032 ;;      Locals:         4       0       0       0       0
  1033 ;;      Temps:          6       0       0       0       0
  1034 ;;      Totals:        12       0       0       0       0
  1035 ;;Total ram usage:       12 bytes
  1036 ;; Hardware stack levels used:    1
  1037 ;; Hardware stack levels required when called:    1
  1038 ;; This function calls:
  1039 ;;		_enableFilas
  1040 ;;		_shiftClock_Fil
  1041 ;; This function is called by:
  1042 ;;		_main
  1043 ;; This function uses a non-reentrant model
  1044 ;;
  1045                           
  1046                           
  1047                           ;psect for function _setFilas
  1048  06B9                     _setFilas:	
  1049  06B9                     l880:	
  1050                           ;incstack = 0
  1051                           ; Regs used in _setFilas: [wreg+status,2+status,0+btemp+1+pclath+cstack]
  1052                           
  1053                           
  1054                           ;matriz_leds.c: 61:     int i = 0;
  1055  06B9  01FA               	clrf	setFilas@i
  1056  06BA  01FB               	clrf	setFilas@i+1
  1057                           
  1058                           ;matriz_leds.c: 70:     for(i=0;i<16;i++){
  1059  06BB  01FA               	clrf	setFilas@i
  1060  06BC  01FB               	clrf	setFilas@i+1
  1061  06BD                     l882:	
  1062  06BD  087B               	movf	setFilas@i+1,w
  1063  06BE  3A80               	xorlw	128
  1064  06BF  00FF               	movwf	btemp+1
  1065  06C0  3080               	movlw	128
  1066  06C1  027F               	subwf	btemp+1,w
  1067  06C2  1D03               	skipz
  1068  06C3  2EC6               	goto	u115
  1069  06C4  3010               	movlw	16
  1070  06C5  027A               	subwf	setFilas@i,w
  1071  06C6                     u115:	
  1072  06C6  1C03               	skipc
  1073  06C7  2EC9               	goto	u111
  1074  06C8  2ECA               	goto	u110
  1075  06C9                     u111:	
  1076  06C9  2ECB               	goto	l886
  1077  06CA                     u110:	
  1078  06CA  2EFC               	goto	l894
  1079  06CB                     l886:	
  1080                           
  1081                           ;matriz_leds.c: 72:         PORTDbits.RD2 = (reg_value & (1<<i) )>>i;
  1082  06CB  0A7A               	incf	setFilas@i,w
  1083  06CC  00F2               	movwf	??_setFilas
  1084  06CD  3001               	movlw	1
  1085  06CE  00F3               	movwf	??_setFilas+1
  1086  06CF  3000               	movlw	0
  1087  06D0  00F4               	movwf	??_setFilas+2
  1088  06D1  2ED5               	goto	u124
  1089  06D2                     u125:	
  1090  06D2  1003               	clrc
  1091  06D3  0DF3               	rlf	??_setFilas+1,f
  1092  06D4  0DF4               	rlf	??_setFilas+2,f
  1093  06D5                     u124:	
  1094  06D5  0BF2               	decfsz	??_setFilas,f
  1095  06D6  2ED2               	goto	u125
  1096  06D7  0870               	movf	setFilas@reg_value,w
  1097  06D8  0573               	andwf	??_setFilas+1,w
  1098  06D9  00F5               	movwf	??_setFilas+3
  1099  06DA  0871               	movf	setFilas@reg_value+1,w
  1100  06DB  0574               	andwf	??_setFilas+2,w
  1101  06DC  00F6               	movwf	??_setFilas+4
  1102  06DD  0A7A               	incf	setFilas@i,w
  1103  06DE  2EE2               	goto	u134
  1104  06DF                     u135:	
  1105  06DF  1003               	clrc
  1106  06E0  0CF6               	rrf	??_setFilas+4,f
  1107  06E1  0CF5               	rrf	??_setFilas+3,f
  1108  06E2                     u134:	
  1109  06E2  3EFF               	addlw	-1
  1110  06E3  1D03               	skipz
  1111  06E4  2EDF               	goto	u135
  1112  06E5  0875               	movf	??_setFilas+3,w
  1113  06E6  00F7               	movwf	??_setFilas+5
  1114  06E7  0DF7               	rlf	??_setFilas+5,f
  1115  06E8  0DF7               	rlf	??_setFilas+5,f
  1116  06E9  1283               	bcf	3,5	;RP0=0, select bank0
  1117  06EA  1303               	bcf	3,6	;RP1=0, select bank0
  1118  06EB  0808               	movf	8,w	;volatile
  1119  06EC  0677               	xorwf	??_setFilas+5,w
  1120  06ED  39FB               	andlw	-5
  1121  06EE  0677               	xorwf	??_setFilas+5,w
  1122  06EF  0088               	movwf	8	;volatile
  1123  06F0                     l888:	
  1124                           
  1125                           ;matriz_leds.c: 74:         shiftClock_Fil();
  1126  06F0  120A  118A  2619  120A  118A  	fcall	_shiftClock_Fil
  1127  06F5                     l890:	
  1128                           
  1129                           ;matriz_leds.c: 76:     }
  1130  06F5  3001               	movlw	1
  1131  06F6  07FA               	addwf	setFilas@i,f
  1132  06F7  1803               	skipnc
  1133  06F8  0AFB               	incf	setFilas@i+1,f
  1134  06F9  3000               	movlw	0
  1135  06FA  07FB               	addwf	setFilas@i+1,f
  1136  06FB  2EBD               	goto	l882
  1137  06FC                     l894:	
  1138                           
  1139                           ;matriz_leds.c: 78:     enableFilas();
  1140  06FC  120A  118A  260A  120A  118A  	fcall	_enableFilas
  1141  0701                     l89:	
  1142  0701  0008               	return
  1143  0702                     __end_of_setFilas:	
  1144                           
  1145                           	psect	text4
  1146  0619                     __ptext4:	
  1147 ;; *************** function _shiftClock_Fil *****************
  1148 ;; Defined at:
  1149 ;;		line 36 in file "matriz_leds.c"
  1150 ;; Parameters:    Size  Location     Type
  1151 ;;		None
  1152 ;; Auto vars:     Size  Location     Type
  1153 ;;		None
  1154 ;; Return value:  Size  Location     Type
  1155 ;;                  1    wreg      void 
  1156 ;; Registers used:
  1157 ;;		None
  1158 ;; Tracked objects:
  1159 ;;		On entry : 0/0
  1160 ;;		On exit  : 0/0
  1161 ;;		Unchanged: 0/0
  1162 ;; Data sizes:     COMMON   BANK0   BANK1   BANK3   BANK2
  1163 ;;      Params:         0       0       0       0       0
  1164 ;;      Locals:         0       0       0       0       0
  1165 ;;      Temps:          0       0       0       0       0
  1166 ;;      Totals:         0       0       0       0       0
  1167 ;;Total ram usage:        0 bytes
  1168 ;; Hardware stack levels used:    1
  1169 ;; This function calls:
  1170 ;;		Nothing
  1171 ;; This function is called by:
  1172 ;;		_setFilas
  1173 ;; This function uses a non-reentrant model
  1174 ;;
  1175                           
  1176                           
  1177                           ;psect for function _shiftClock_Fil
  1178  0619                     _shiftClock_Fil:	
  1179  0619                     l850:	
  1180                           ;incstack = 0
  1181                           ; Regs used in _shiftClock_Fil: []
  1182                           
  1183                           
  1184                           ;matriz_leds.c: 37:     PORTDbits.RD5 = 0;
  1185  0619  1283               	bcf	3,5	;RP0=0, select bank0
  1186  061A  1303               	bcf	3,6	;RP1=0, select bank0
  1187  061B  1288               	bcf	8,5	;volatile
  1188                           
  1189                           ;matriz_leds.c: 39:     PORTDbits.RD5 = 1;
  1190  061C  1688               	bsf	8,5	;volatile
  1191                           
  1192                           ;matriz_leds.c: 41:     PORTDbits.RD5 = 0;
  1193  061D  1288               	bcf	8,5	;volatile
  1194  061E                     l79:	
  1195  061E  0008               	return
  1196  061F                     __end_of_shiftClock_Fil:	
  1197                           
  1198                           	psect	text5
  1199  060A                     __ptext5:	
  1200 ;; *************** function _enableFilas *****************
  1201 ;; Defined at:
  1202 ;;		line 20 in file "matriz_leds.c"
  1203 ;; Parameters:    Size  Location     Type
  1204 ;;		None
  1205 ;; Auto vars:     Size  Location     Type
  1206 ;;		None
  1207 ;; Return value:  Size  Location     Type
  1208 ;;                  1    wreg      void 
  1209 ;; Registers used:
  1210 ;;		None
  1211 ;; Tracked objects:
  1212 ;;		On entry : 0/0
  1213 ;;		On exit  : 0/0
  1214 ;;		Unchanged: 0/0
  1215 ;; Data sizes:     COMMON   BANK0   BANK1   BANK3   BANK2
  1216 ;;      Params:         0       0       0       0       0
  1217 ;;      Locals:         0       0       0       0       0
  1218 ;;      Temps:          0       0       0       0       0
  1219 ;;      Totals:         0       0       0       0       0
  1220 ;;Total ram usage:        0 bytes
  1221 ;; Hardware stack levels used:    1
  1222 ;; This function calls:
  1223 ;;		Nothing
  1224 ;; This function is called by:
  1225 ;;		_setFilas
  1226 ;; This function uses a non-reentrant model
  1227 ;;
  1228                           
  1229                           
  1230                           ;psect for function _enableFilas
  1231  060A                     _enableFilas:	
  1232  060A                     l846:	
  1233                           ;incstack = 0
  1234                           ; Regs used in _enableFilas: []
  1235                           
  1236                           
  1237                           ;matriz_leds.c: 21:     PORTDbits.RD3 = 0;
  1238  060A  1283               	bcf	3,5	;RP0=0, select bank0
  1239  060B  1303               	bcf	3,6	;RP1=0, select bank0
  1240  060C  1188               	bcf	8,3	;volatile
  1241  060D                     l70:	
  1242  060D  0008               	return
  1243  060E                     __end_of_enableFilas:	
  1244                           
  1245                           	psect	text6
  1246  067A                     __ptext6:	
  1247 ;; *************** function _setColumnas *****************
  1248 ;; Defined at:
  1249 ;;		line 44 in file "matriz_leds.c"
  1250 ;; Parameters:    Size  Location     Type
  1251 ;;  reg_value       1    wreg     unsigned char 
  1252 ;; Auto vars:     Size  Location     Type
  1253 ;;  reg_value       1    5[COMMON] unsigned char 
  1254 ;;  i               2    6[COMMON] int 
  1255 ;;  valor           1    4[COMMON] unsigned char 
  1256 ;;  indice          1    0        unsigned char 
  1257 ;; Return value:  Size  Location     Type
  1258 ;;                  1    wreg      void 
  1259 ;; Registers used:
  1260 ;;		wreg, status,2, status,0, btemp+1, pclath, cstack
  1261 ;; Tracked objects:
  1262 ;;		On entry : 0/0
  1263 ;;		On exit  : 0/0
  1264 ;;		Unchanged: 0/0
  1265 ;; Data sizes:     COMMON   BANK0   BANK1   BANK3   BANK2
  1266 ;;      Params:         0       0       0       0       0
  1267 ;;      Locals:         5       0       0       0       0
  1268 ;;      Temps:          3       0       0       0       0
  1269 ;;      Totals:         8       0       0       0       0
  1270 ;;Total ram usage:        8 bytes
  1271 ;; Hardware stack levels used:    1
  1272 ;; Hardware stack levels required when called:    1
  1273 ;; This function calls:
  1274 ;;		_latchClock_Col
  1275 ;;		_shiftClock_Col
  1276 ;; This function is called by:
  1277 ;;		_main
  1278 ;; This function uses a non-reentrant model
  1279 ;;
  1280                           
  1281                           
  1282                           ;psect for function _setColumnas
  1283  067A                     _setColumnas:	
  1284                           
  1285                           ;incstack = 0
  1286                           ; Regs used in _setColumnas: [wreg+status,2+status,0+btemp+1+pclath+cstack]
  1287                           ;setColumnas@reg_value stored from wreg
  1288  067A  00F5               	movwf	setColumnas@reg_value
  1289  067B                     l854:	
  1290  067B                     l856:	
  1291  067B                     l858:	
  1292  067B                     l860:	
  1293                           
  1294                           ;matriz_leds.c: 48:     for(i=0;i<8;i++){
  1295  067B  01F6               	clrf	setColumnas@i
  1296  067C  01F7               	clrf	setColumnas@i+1
  1297  067D                     l866:	
  1298                           
  1299                           ;matriz_leds.c: 49:         valor = (reg_value & (1<<i) )>>i;
  1300  067D  3001               	movlw	1
  1301  067E  00F0               	movwf	??_setColumnas
  1302  067F  0A76               	incf	setColumnas@i,w
  1303  0680  2E83               	goto	u84
  1304  0681                     u85:	
  1305  0681  1003               	clrc
  1306  0682  0DF0               	rlf	??_setColumnas,f
  1307  0683                     u84:	
  1308  0683  3EFF               	addlw	-1
  1309  0684  1D03               	skipz
  1310  0685  2E81               	goto	u85
  1311  0686  0870               	movf	??_setColumnas,w
  1312  0687  0575               	andwf	setColumnas@reg_value,w
  1313  0688  00F1               	movwf	??_setColumnas+1
  1314  0689  0A76               	incf	setColumnas@i,w
  1315  068A  2E8D               	goto	u94
  1316  068B                     u95:	
  1317  068B  1003               	clrc
  1318  068C  0CF1               	rrf	??_setColumnas+1,f
  1319  068D                     u94:	
  1320  068D  3EFF               	addlw	-1
  1321  068E  1D03               	skipz
  1322  068F  2E8B               	goto	u95
  1323  0690  0871               	movf	??_setColumnas+1,w
  1324  0691  00F2               	movwf	??_setColumnas+2
  1325  0692  0872               	movf	??_setColumnas+2,w
  1326  0693  00F4               	movwf	setColumnas@valor
  1327  0694                     l868:	
  1328                           
  1329                           ;matriz_leds.c: 50:         PORTBbits.RB1 = valor;
  1330  0694  0C74               	rrf	setColumnas@valor,w
  1331  0695  1283               	bcf	3,5	;RP0=0, select bank0
  1332  0696  1303               	bcf	3,6	;RP1=0, select bank0
  1333  0697  1C03               	skipc
  1334  0698  1086               	bcf	6,1	;volatile
  1335  0699  1803               	skipnc
  1336  069A  1486               	bsf	6,1	;volatile
  1337  069B                     l870:	
  1338                           
  1339                           ;matriz_leds.c: 51:         shiftClock_Col();
  1340  069B  120A  118A  2613  120A  118A  	fcall	_shiftClock_Col
  1341  06A0                     l872:	
  1342                           
  1343                           ;matriz_leds.c: 54:     }
  1344  06A0  3001               	movlw	1
  1345  06A1  07F6               	addwf	setColumnas@i,f
  1346  06A2  1803               	skipnc
  1347  06A3  0AF7               	incf	setColumnas@i+1,f
  1348  06A4  3000               	movlw	0
  1349  06A5  07F7               	addwf	setColumnas@i+1,f
  1350  06A6                     l874:	
  1351  06A6  0877               	movf	setColumnas@i+1,w
  1352  06A7  3A80               	xorlw	128
  1353  06A8  00FF               	movwf	btemp+1
  1354  06A9  3080               	movlw	128
  1355  06AA  027F               	subwf	btemp+1,w
  1356  06AB  1D03               	skipz
  1357  06AC  2EAF               	goto	u105
  1358  06AD  3008               	movlw	8
  1359  06AE  0276               	subwf	setColumnas@i,w
  1360  06AF                     u105:	
  1361  06AF  1C03               	skipc
  1362  06B0  2EB2               	goto	u101
  1363  06B1  2EB3               	goto	u100
  1364  06B2                     u101:	
  1365  06B2  2E7D               	goto	l866
  1366  06B3                     u100:	
  1367  06B3                     l876:	
  1368                           
  1369                           ;matriz_leds.c: 55:     latchClock_Col();
  1370  06B3  120A  118A  260E  120A  118A  	fcall	_latchClock_Col
  1371  06B8                     l84:	
  1372  06B8  0008               	return
  1373  06B9                     __end_of_setColumnas:	
  1374                           
  1375                           	psect	text7
  1376  0613                     __ptext7:	
  1377 ;; *************** function _shiftClock_Col *****************
  1378 ;; Defined at:
  1379 ;;		line 13 in file "matriz_leds.c"
  1380 ;; Parameters:    Size  Location     Type
  1381 ;;		None
  1382 ;; Auto vars:     Size  Location     Type
  1383 ;;		None
  1384 ;; Return value:  Size  Location     Type
  1385 ;;                  1    wreg      void 
  1386 ;; Registers used:
  1387 ;;		None
  1388 ;; Tracked objects:
  1389 ;;		On entry : 0/0
  1390 ;;		On exit  : 0/0
  1391 ;;		Unchanged: 0/0
  1392 ;; Data sizes:     COMMON   BANK0   BANK1   BANK3   BANK2
  1393 ;;      Params:         0       0       0       0       0
  1394 ;;      Locals:         0       0       0       0       0
  1395 ;;      Temps:          0       0       0       0       0
  1396 ;;      Totals:         0       0       0       0       0
  1397 ;;Total ram usage:        0 bytes
  1398 ;; Hardware stack levels used:    1
  1399 ;; This function calls:
  1400 ;;		Nothing
  1401 ;; This function is called by:
  1402 ;;		_setColumnas
  1403 ;;		_shiftBitColumna
  1404 ;; This function uses a non-reentrant model
  1405 ;;
  1406                           
  1407                           
  1408                           ;psect for function _shiftClock_Col
  1409  0613                     _shiftClock_Col:	
  1410  0613                     l844:	
  1411                           ;incstack = 0
  1412                           ; Regs used in _shiftClock_Col: []
  1413                           
  1414                           
  1415                           ;matriz_leds.c: 14:     PORTBbits.RB5 = 0;
  1416  0613  1283               	bcf	3,5	;RP0=0, select bank0
  1417  0614  1303               	bcf	3,6	;RP1=0, select bank0
  1418  0615  1286               	bcf	6,5	;volatile
  1419                           
  1420                           ;matriz_leds.c: 15:     PORTBbits.RB5 = 1;
  1421  0616  1686               	bsf	6,5	;volatile
  1422                           
  1423                           ;matriz_leds.c: 17:     PORTBbits.RB5 = 0;
  1424  0617  1286               	bcf	6,5	;volatile
  1425  0618                     l67:	
  1426  0618  0008               	return
  1427  0619                     __end_of_shiftClock_Col:	
  1428                           
  1429                           	psect	text8
  1430  060E                     __ptext8:	
  1431 ;; *************** function _latchClock_Col *****************
  1432 ;; Defined at:
  1433 ;;		line 7 in file "matriz_leds.c"
  1434 ;; Parameters:    Size  Location     Type
  1435 ;;		None
  1436 ;; Auto vars:     Size  Location     Type
  1437 ;;		None
  1438 ;; Return value:  Size  Location     Type
  1439 ;;                  1    wreg      void 
  1440 ;; Registers used:
  1441 ;;		None
  1442 ;; Tracked objects:
  1443 ;;		On entry : 0/0
  1444 ;;		On exit  : 0/0
  1445 ;;		Unchanged: 0/0
  1446 ;; Data sizes:     COMMON   BANK0   BANK1   BANK3   BANK2
  1447 ;;      Params:         0       0       0       0       0
  1448 ;;      Locals:         0       0       0       0       0
  1449 ;;      Temps:          0       0       0       0       0
  1450 ;;      Totals:         0       0       0       0       0
  1451 ;;Total ram usage:        0 bytes
  1452 ;; Hardware stack levels used:    1
  1453 ;; This function calls:
  1454 ;;		Nothing
  1455 ;; This function is called by:
  1456 ;;		_setColumnas
  1457 ;;		_shiftBitColumna
  1458 ;; This function uses a non-reentrant model
  1459 ;;
  1460                           
  1461                           
  1462                           ;psect for function _latchClock_Col
  1463  060E                     _latchClock_Col:	
  1464  060E                     l842:	
  1465                           ;incstack = 0
  1466                           ; Regs used in _latchClock_Col: []
  1467                           
  1468                           
  1469                           ;matriz_leds.c: 8:     PORTBbits.RB4 = 1;
  1470  060E  1283               	bcf	3,5	;RP0=0, select bank0
  1471  060F  1303               	bcf	3,6	;RP1=0, select bank0
  1472  0610  1606               	bsf	6,4	;volatile
  1473                           
  1474                           ;matriz_leds.c: 10:     PORTBbits.RB4 = 0;
  1475  0611  1206               	bcf	6,4	;volatile
  1476  0612                     l64:	
  1477  0612  0008               	return
  1478  0613                     __end_of_latchClock_Col:	
  1479                           
  1480                           	psect	text9
  1481  0647                     __ptext9:	
  1482 ;; *************** function _init_pines *****************
  1483 ;; Defined at:
  1484 ;;		line 4 in file "init.c"
  1485 ;; Parameters:    Size  Location     Type
  1486 ;;		None
  1487 ;; Auto vars:     Size  Location     Type
  1488 ;;		None
  1489 ;; Return value:  Size  Location     Type
  1490 ;;                  1    wreg      void 
  1491 ;; Registers used:
  1492 ;;		None
  1493 ;; Tracked objects:
  1494 ;;		On entry : 0/0
  1495 ;;		On exit  : 0/0
  1496 ;;		Unchanged: 0/0
  1497 ;; Data sizes:     COMMON   BANK0   BANK1   BANK3   BANK2
  1498 ;;      Params:         0       0       0       0       0
  1499 ;;      Locals:         0       0       0       0       0
  1500 ;;      Temps:          0       0       0       0       0
  1501 ;;      Totals:         0       0       0       0       0
  1502 ;;Total ram usage:        0 bytes
  1503 ;; Hardware stack levels used:    1
  1504 ;; This function calls:
  1505 ;;		Nothing
  1506 ;; This function is called by:
  1507 ;;		_main
  1508 ;; This function uses a non-reentrant model
  1509 ;;
  1510                           
  1511                           
  1512                           ;psect for function _init_pines
  1513  0647                     _init_pines:	
  1514  0647                     l852:	
  1515                           ;incstack = 0
  1516                           ; Regs used in _init_pines: []
  1517                           
  1518                           
  1519                           ;init.c: 5:     TRISBbits.TRISB0 = 0;
  1520  0647  1683               	bsf	3,5	;RP0=1, select bank1
  1521  0648  1303               	bcf	3,6	;RP1=0, select bank1
  1522  0649  1006               	bcf	6,0	;volatile
  1523                           
  1524                           ;init.c: 6:     TRISBbits.TRISB1 = 0;
  1525  064A  1086               	bcf	6,1	;volatile
  1526                           
  1527                           ;init.c: 7:     TRISBbits.TRISB2 = 0;
  1528  064B  1106               	bcf	6,2	;volatile
  1529                           
  1530                           ;init.c: 8:     TRISBbits.TRISB4 = 0;
  1531  064C  1206               	bcf	6,4	;volatile
  1532                           
  1533                           ;init.c: 9:     TRISBbits.TRISB5 = 0;
  1534  064D  1286               	bcf	6,5	;volatile
  1535                           
  1536                           ;init.c: 11:     TRISDbits.TRISD2 = 0;
  1537  064E  1108               	bcf	8,2	;volatile
  1538                           
  1539                           ;init.c: 12:     TRISDbits.TRISD3 = 0;
  1540  064F  1188               	bcf	8,3	;volatile
  1541                           
  1542                           ;init.c: 13:     TRISDbits.TRISD4 = 0;
  1543  0650  1208               	bcf	8,4	;volatile
  1544                           
  1545                           ;init.c: 14:     TRISDbits.TRISD5 = 0;
  1546  0651  1288               	bcf	8,5	;volatile
  1547                           
  1548                           ;init.c: 16:     PORTBbits.RB0 = 0;
  1549  0652  1283               	bcf	3,5	;RP0=0, select bank0
  1550  0653  1303               	bcf	3,6	;RP1=0, select bank0
  1551  0654  1006               	bcf	6,0	;volatile
  1552                           
  1553                           ;init.c: 17:     PORTBbits.RB1 = 0;
  1554  0655  1086               	bcf	6,1	;volatile
  1555                           
  1556                           ;init.c: 18:     PORTBbits.RB2 = 0;
  1557  0656  1106               	bcf	6,2	;volatile
  1558                           
  1559                           ;init.c: 19:     PORTBbits.RB4 = 0;
  1560  0657  1206               	bcf	6,4	;volatile
  1561                           
  1562                           ;init.c: 20:     PORTBbits.RB5 = 0;
  1563  0658  1286               	bcf	6,5	;volatile
  1564                           
  1565                           ;init.c: 22:     PORTDbits.RD2 = 0;
  1566  0659  1108               	bcf	8,2	;volatile
  1567                           
  1568                           ;init.c: 23:     PORTDbits.RD3 = 0;
  1569  065A  1188               	bcf	8,3	;volatile
  1570                           
  1571                           ;init.c: 24:     PORTDbits.RD4 = 0;
  1572  065B  1208               	bcf	8,4	;volatile
  1573                           
  1574                           ;init.c: 25:     PORTDbits.RD5 = 0;
  1575  065C  1288               	bcf	8,5	;volatile
  1576  065D                     l11:	
  1577  065D  0008               	return
  1578  065E                     __end_of_init_pines:	
  1579  007E                     btemp	set	126	;btemp
  1580  007E                     wtemp0	set	126


Data Sizes:
    Strings     0
    Constant    0
    Data        15
    BSS         4
    Persistent  0
    Stack       0

Auto Spaces:
    Space          Size  Autos    Used
    COMMON           14     14      14
    BANK0            80      4      23
    BANK1            80      0       0
    BANK3            96      0       0
    BANK2            96      0       0

Pointer List with Targets:

    None.

Critical Paths under _main in COMMON

    _main->_setFilas

Critical Paths under _main in BANK0

    None.

Critical Paths under _main in BANK1

    None.

Critical Paths under _main in BANK3

    None.

Critical Paths under _main in BANK2

    None.

Call Graph Tables:

 ---------------------------------------------------------------------------------
 (Depth) Function   	        Calls       Base Space   Used Autos Params    Refs
 ---------------------------------------------------------------------------------
 (0) _main                                                 6     2      4    1004
                                             12 COMMON     2     2      0
                                              0 BANK0      4     0      4
                         _init_pines
                        _setColumnas
                           _setFilas
                    _shiftBitColumna
 ---------------------------------------------------------------------------------
 (1) _shiftBitColumna                                      2     2      0      22
                                              0 COMMON     2     2      0
                     _latchClock_Col
                     _latchClock_Fil
                     _shiftClock_Col
 ---------------------------------------------------------------------------------
 (2) _latchClock_Fil                                       0     0      0       0
 ---------------------------------------------------------------------------------
 (1) _setFilas                                            12    10      2     798
                                              0 COMMON    12    10      2
                        _enableFilas
                     _shiftClock_Fil
 ---------------------------------------------------------------------------------
 (2) _shiftClock_Fil                                       0     0      0       0
 ---------------------------------------------------------------------------------
 (2) _enableFilas                                          0     0      0       0
 ---------------------------------------------------------------------------------
 (1) _setColumnas                                          8     8      0     182
                                              0 COMMON     8     8      0
                     _latchClock_Col
                     _shiftClock_Col
 ---------------------------------------------------------------------------------
 (2) _shiftClock_Col                                       0     0      0       0
 ---------------------------------------------------------------------------------
 (2) _latchClock_Col                                       0     0      0       0
 ---------------------------------------------------------------------------------
 (1) _init_pines                                           0     0      0       0
 ---------------------------------------------------------------------------------
 Estimated maximum stack depth 2
 ---------------------------------------------------------------------------------

 Call Graph Graphs:

 _main (ROOT)
   _init_pines
   _setColumnas
     _latchClock_Col
     _shiftClock_Col
   _setFilas
     _enableFilas
     _shiftClock_Fil
   _shiftBitColumna
     _latchClock_Col
     _latchClock_Fil
     _shiftClock_Col

 Address spaces:
Name               Size   Autos  Total    Cost      Usage
BANK3               60      0       0       9        0.0%
BITBANK3            60      0       0       8        0.0%
SFR3                 0      0       0       4        0.0%
BITSFR3              0      0       0       4        0.0%
BANK2               60      0       0      11        0.0%
BITBANK2            60      0       0      10        0.0%
SFR2                 0      0       0       5        0.0%
BITSFR2              0      0       0       5        0.0%
BANK1               50      0       0       7        0.0%
BITBANK1            50      0       0       6        0.0%
SFR1                 0      0       0       2        0.0%
BITSFR1              0      0       0       2        0.0%
BANK0               50      4      17       5       28.8%
BITBANK0            50      0       0       4        0.0%
SFR0                 0      0       0       1        0.0%
BITSFR0              0      0       0       1        0.0%
COMMON               E      E       E       1      100.0%
BITCOMMON            E      0       0       0        0.0%
CODE                 0      0       0       0        0.0%
DATA                 0      0      25      12        0.0%
ABS                  0      0      25       3        0.0%
NULL                 0      0       0       0        0.0%
STACK                0      0       0       2        0.0%
EEDATA             100      0       0       0        0.0%


Microchip Technology PIC Macro Assembler V2.10 build 88905656 
Symbol Table                                                                                   Wed Apr 29 12:45:54 2020

                       pc 0002               __CFG_CP$OFF 0000                        l11 065D  
                      l70 060D                        l64 0612                        l67 0618  
                      l84 06B8                        l76 0624                        l92 0679  
                      l79 061E                        l89 0701                        u84 0683  
                      u85 0681                        u94 068D                        u95 068B  
                      fsr 0004                       l900 066A                       l902 066F  
                     l910 0707                       l904 0674                       l920 0722  
                     l912 070D                       l842 060E                       l850 0619  
                     l930 0745                       l922 0728                       l914 0715  
                     l906 0702                       l852 0647                       l844 0613  
                     l860 067B                       l940 076A                       l932 074E  
                     l924 072F                       l916 0715                       l908 0707  
                     l870 069B                       l854 067B                       l846 060A  
                     l950 0790                       l942 0771                       l934 0754  
                     l926 0738                       l918 0719                       l872 06A0  
                     l856 067B                       l880 06B9                       l848 061F  
                     l960 07B3                       l952 0796                       l944 077A  
                     l936 075B                       l928 073E                       l874 06A6  
                     l866 067D                       l858 067B                       l890 06F5  
                     l882 06BD                       l962 07BC                       l954 079D  
                     l946 0780                       l938 0764                       l876 06B3  
                     l868 0694                       l964 07C2                       l956 07A6  
                     l948 0787                       l894 06FC                       l886 06CB  
                     l958 07AC                       l888 06F0                       l968 07C8  
                     l898 065F                       u100 06B3                       u101 06B2  
                     u110 06CA                       u111 06C9                       u105 06AF  
                     u115 06C6                       u124 06D5                       u125 06D2  
                     u134 06E2                       u135 06DF              __CFG_CPD$OFF 0000  
                     indf 0000              __CFG_FOSC$XT 0000              __CFG_LVP$OFF 0000  
                    l1012 07CD              __CFG_WRT$OFF 0000                      _main 0702  
                    btemp 007E             __CFG_BOREN$ON 0000                      start 0000  
      shiftBitColumna@bit 0071                     ?_main 0033             __CFG_WDTE$OFF 0000  
                   _value 0020                     pclath 000A                     status 0003  
                   wtemp0 007E           __initialization 07EA              __end_of_main 07EA  
          _latchClock_Fil 061F            _latchClock_Col 060E   __size_of_shiftClock_Col 0006  
 __size_of_shiftClock_Fil 0006              ?_setColumnas 0070                    ??_main 007C  
    __size_of_enableFilas 0004            __CFG_PWRTE$OFF 0000    __end_of_latchClock_Col 0613  
  __end_of_latchClock_Fil 0625                    _value2 002E                    _value3 002C  
                  _value4 002A          __end_of_setFilas 0702   __end_of__initialization 07FC  
__size_of_shiftBitColumna 001C           ?_latchClock_Fil 0070           ?_latchClock_Col 0070  
          __pcstackCOMMON 0070              __pidataBANK0 0625                __pbssBANK0 002F  
              __pmaintext 0702            _shiftClock_Fil 0619            _shiftClock_Col 0613  
    __size_of_setColumnas 003F                 ?_setFilas 0070    __end_of_shiftClock_Col 0619  
  __end_of_shiftClock_Fil 061F         ??_shiftBitColumna 0070                _init_pines 0647  
                 __ptext1 065E                   __ptext2 061F                   __ptext3 06B9  
                 __ptext4 0619                   __ptext5 060A                   __ptext6 067A  
                 __ptext7 0613                   __ptext8 060E                   __ptext9 0647  
                 _columna 0028      end_of_initialization 07FC                ??_setFilas 0072  
         ?_shiftClock_Fil 0070           ?_shiftClock_Col 0070                 _PORTBbits 0006  
           ??_enableFilas 0070                 _PORTDbits 0008                 _TRISBbits 0086  
               _TRISDbits 0088          ??_latchClock_Fil 0070          ??_latchClock_Col 0070  
             ?_init_pines 0070       start_initialization 07EA       __end_of_enableFilas 060E  
       setFilas@reg_value 0070                init_fetch0 0634               __pdataBANK0 0020  
               ___latbits 0002             __pcstackBANK0 0033       __size_of_init_pines 0017  
         _shiftBitColumna 065E         __size_of_setFilas 0049              setColumnas@i 0076  
           ??_setColumnas 0070               _enableFilas 060A          ??_shiftClock_Fil 0070  
        ??_shiftClock_Col 0070          setColumnas@valor 0074       __end_of_setColumnas 06B9  
 __end_of_shiftBitColumna 067A              ??_init_pines 0070                 setFilas@i 007A  
           __size_of_main 00E8        __end_of_init_pines 065E                  _setFilas 06B9  
                main@argc 0033                  main@argv 0035               _setColumnas 067A  
                init_ram0 0638          ?_shiftBitColumna 0070      setColumnas@reg_value 0075  
 __size_of_latchClock_Col 0005   __size_of_latchClock_Fil 0006              wait_ms@timel 002F  
            ?_enableFilas 0070  
